2024-02-27 13:24:32,066 [Worker-5: Loading available Gradle versions] INFO  o.e.b.c.i.u.g.PublishedGradleVersions - Gradle version information cache is up-to-date. Trying to read.
2024-02-27 13:24:33,209 [ForkJoinPool.commonPool-worker-1] INFO  o.s.s.s.o.s.c.s.PostProcessorRegistrationDelegate$BeanPostProcessorChecker - Bean 'sonarLintSpringAppConfig' of type [org.sonarsource.sonarlint.core.spring.SonarLintSpringAppConfig$$EnhancerBySpringCGLIB$$c767b754] is not eligible for getting processed by all BeanPostProcessors (for example: not eligible for auto-proxying)
2024-02-27 13:24:33,260 [ForkJoinPool.commonPool-worker-1] INFO  o.s.s.s.o.s.c.s.PostProcessorRegistrationDelegate$BeanPostProcessorChecker - Bean 'provideClientEventBus' of type [com.google.common.eventbus.AsyncEventBus] is not eligible for getting processed by all BeanPostProcessors (for example: not eligible for auto-proxying)
2024-02-27 13:24:33,996 [ForkJoinPool.commonPool-worker-1] INFO  jetbrains.exodus.io.FileDataWriter - Interruptible file channel will be used
java.lang.reflect.InaccessibleObjectException: Unable to make public void sun.nio.ch.FileChannelImpl.setUninterruptible() accessible: module java.base does not "exports sun.nio.ch" to unnamed module @12a9b7bc
	at java.base/java.lang.reflect.AccessibleObject.checkCanSetAccessible(AccessibleObject.java:354)
	at java.base/java.lang.reflect.AccessibleObject.checkCanSetAccessible(AccessibleObject.java:297)
	at java.base/java.lang.reflect.Method.checkCanSetAccessible(Method.java:200)
	at java.base/java.lang.reflect.Method.setAccessible(Method.java:194)
	at jetbrains.exodus.io.FileDataWriter$Companion$setUninterruptibleMethod$1.invoke(FileDataWriter.kt:188)
	at jetbrains.exodus.io.FileDataWriter$Companion$setUninterruptibleMethod$1.invoke(FileDataWriter.kt:185)
	at jetbrains.exodus.util.UnsafeHolder.doPrivileged$lambda-0(UnsafeHolder.kt:30)
	at java.base/java.security.AccessController.doPrivileged(AccessController.java:569)
	at jetbrains.exodus.util.UnsafeHolder.doPrivileged(UnsafeHolder.kt:29)
	at jetbrains.exodus.io.FileDataWriter.<clinit>(FileDataWriter.kt:185)
	at jetbrains.exodus.io.FileDataReaderWriterProvider.newFileDataWriter(FileDataReaderWriterProvider.kt:48)
	at jetbrains.exodus.io.FileDataReaderWriterProvider.newReaderWriter(FileDataReaderWriterProvider.kt:30)
	at jetbrains.exodus.log.LogConfig.createReaderWriter(LogConfig.java:359)
	at jetbrains.exodus.log.LogConfig.getReader(LogConfig.java:125)
	at jetbrains.exodus.log.Log.<init>(Log.kt:52)
	at jetbrains.exodus.env.Environments.newLogInstance(Environments.kt:117)
	at jetbrains.exodus.env.Environments.newLogInstance(Environments.kt:81)
	at jetbrains.exodus.env.Environments.newLogInstance(Environments.kt:77)
	at jetbrains.exodus.env.Environments$newInstance$4.invoke(Environments.kt:46)
	at jetbrains.exodus.env.Environments$newInstance$4.invoke(Environments.kt:46)
	at jetbrains.exodus.env.Environments.prepare(Environments.kt:120)
	at jetbrains.exodus.env.Environments.newInstance(Environments.kt:46)
	at org.sonarsource.sonarlint.core.local.only.XodusLocalOnlyIssueStore.buildEntityStore(XodusLocalOnlyIssueStore.java:201)
	at org.sonarsource.sonarlint.core.local.only.XodusLocalOnlyIssueStore.<init>(XodusLocalOnlyIssueStore.java:94)
	at org.sonarsource.sonarlint.core.local.only.LocalOnlyIssueStorageService.get(LocalOnlyIssueStorageService.java:49)
	at org.sonarsource.sonarlint.core.local.only.LocalOnlyIssueStorageService.purgeOldIssues(LocalOnlyIssueStorageService.java:43)
	at java.base/jdk.internal.reflect.DirectMethodHandleAccessor.invoke(DirectMethodHandleAccessor.java:104)
	at java.base/java.lang.reflect.Method.invoke(Method.java:577)
	at org.sonarsource.sonarlint.shaded.org.springframework.beans.factory.annotation.InitDestroyAnnotationBeanPostProcessor$LifecycleElement.invoke(InitDestroyAnnotationBeanPostProcessor.java:389)
	at org.sonarsource.sonarlint.shaded.org.springframework.beans.factory.annotation.InitDestroyAnnotationBeanPostProcessor$LifecycleMetadata.invokeInitMethods(InitDestroyAnnotationBeanPostProcessor.java:333)
	at org.sonarsource.sonarlint.shaded.org.springframework.beans.factory.annotation.InitDestroyAnnotationBeanPostProcessor.postProcessBeforeInitialization(InitDestroyAnnotationBeanPostProcessor.java:157)
	at org.sonarsource.sonarlint.shaded.org.springframework.beans.factory.support.AbstractAutowireCapableBeanFactory.applyBeanPostProcessorsBeforeInitialization(AbstractAutowireCapableBeanFactory.java:440)
	at org.sonarsource.sonarlint.shaded.org.springframework.beans.factory.support.AbstractAutowireCapableBeanFactory.initializeBean(AbstractAutowireCapableBeanFactory.java:1796)
	at org.sonarsource.sonarlint.shaded.org.springframework.beans.factory.support.AbstractAutowireCapableBeanFactory.doCreateBean(AbstractAutowireCapableBeanFactory.java:620)
	at org.sonarsource.sonarlint.shaded.org.springframework.beans.factory.support.AbstractAutowireCapableBeanFactory.createBean(AbstractAutowireCapableBeanFactory.java:542)
	at org.sonarsource.sonarlint.shaded.org.springframework.beans.factory.support.AbstractBeanFactory.lambda$doGetBean$0(AbstractBeanFactory.java:335)
	at org.sonarsource.sonarlint.shaded.org.springframework.beans.factory.support.DefaultSingletonBeanRegistry.getSingleton(DefaultSingletonBeanRegistry.java:234)
	at org.sonarsource.sonarlint.shaded.org.springframework.beans.factory.support.AbstractBeanFactory.doGetBean(AbstractBeanFactory.java:333)
	at org.sonarsource.sonarlint.shaded.org.springframework.beans.factory.support.AbstractBeanFactory.getBean(AbstractBeanFactory.java:208)
	at org.sonarsource.sonarlint.shaded.org.springframework.beans.factory.config.DependencyDescriptor.resolveCandidate(DependencyDescriptor.java:276)
	at org.sonarsource.sonarlint.shaded.org.springframework.beans.factory.support.DefaultListableBeanFactory.doResolveDependency(DefaultListableBeanFactory.java:1391)
	at org.sonarsource.sonarlint.shaded.org.springframework.beans.factory.support.DefaultListableBeanFactory.resolveDependency(DefaultListableBeanFactory.java:1311)
	at org.sonarsource.sonarlint.shaded.org.springframework.beans.factory.support.ConstructorResolver.resolveAutowiredArgument(ConstructorResolver.java:887)
	at org.sonarsource.sonarlint.shaded.org.springframework.beans.factory.support.ConstructorResolver.createArgumentArray(ConstructorResolver.java:791)
	at org.sonarsource.sonarlint.shaded.org.springframework.beans.factory.support.ConstructorResolver.autowireConstructor(ConstructorResolver.java:229)
	at org.sonarsource.sonarlint.shaded.org.springframework.beans.factory.support.AbstractAutowireCapableBeanFactory.autowireConstructor(AbstractAutowireCapableBeanFactory.java:1372)
	at org.sonarsource.sonarlint.shaded.org.springframework.beans.factory.support.AbstractAutowireCapableBeanFactory.createBeanInstance(AbstractAutowireCapableBeanFactory.java:1222)
	at org.sonarsource.sonarlint.shaded.org.springframework.beans.factory.support.AbstractAutowireCapableBeanFactory.doCreateBean(AbstractAutowireCapableBeanFactory.java:582)
	at org.sonarsource.sonarlint.shaded.org.springframework.beans.factory.support.AbstractAutowireCapableBeanFactory.createBean(AbstractAutowireCapableBeanFactory.java:542)
	at org.sonarsource.sonarlint.shaded.org.springframework.beans.factory.support.AbstractBeanFactory.lambda$doGetBean$0(AbstractBeanFactory.java:335)
	at org.sonarsource.sonarlint.shaded.org.springframework.beans.factory.support.DefaultSingletonBeanRegistry.getSingleton(DefaultSingletonBeanRegistry.java:234)
	at org.sonarsource.sonarlint.shaded.org.springframework.beans.factory.support.AbstractBeanFactory.doGetBean(AbstractBeanFactory.java:333)
	at org.sonarsource.sonarlint.shaded.org.springframework.beans.factory.support.AbstractBeanFactory.getBean(AbstractBeanFactory.java:208)
	at org.sonarsource.sonarlint.shaded.org.springframework.beans.factory.support.DefaultListableBeanFactory.preInstantiateSingletons(DefaultListableBeanFactory.java:955)
	at org.sonarsource.sonarlint.shaded.org.springframework.context.support.AbstractApplicationContext.finishBeanFactoryInitialization(AbstractApplicationContext.java:920)
	at org.sonarsource.sonarlint.shaded.org.springframework.context.support.AbstractApplicationContext.refresh(AbstractApplicationContext.java:583)
	at org.sonarsource.sonarlint.core.SonarLintBackendImpl.lambda$initialize$2(SonarLintBackendImpl.java:63)
	at java.base/java.util.concurrent.CompletableFuture$AsyncRun.run(CompletableFuture.java:1804)
	at java.base/java.util.concurrent.CompletableFuture$AsyncRun.exec(CompletableFuture.java:1796)
	at java.base/java.util.concurrent.ForkJoinTask.doExec(ForkJoinTask.java:373)
	at java.base/java.util.concurrent.ForkJoinPool$WorkQueue.topLevelExec(ForkJoinPool.java:1182)
	at java.base/java.util.concurrent.ForkJoinPool.scan(ForkJoinPool.java:1655)
	at java.base/java.util.concurrent.ForkJoinPool.runWorker(ForkJoinPool.java:1622)
	at java.base/java.util.concurrent.ForkJoinWorkerThread.run(ForkJoinWorkerThread.java:165)
2024-02-27 13:24:34,004 [ForkJoinPool.commonPool-worker-1] WARN  jetbrains.exodus.io.FileDataWriter - Can't open directory channel. Log directory fsync won't be performed.
2024-02-27 13:24:34,197 [ForkJoinPool.commonPool-worker-1] INFO  j.exodus.env.EnvironmentImpl - Exodus environment created: C:\Users\sujal\.sonarlint\xodus-local-only-issue-store7294452022701079579
2024-02-27 13:35:02,037 [ForkJoinPool.commonPool-worker-6] INFO  j.exodus.util.CompressBackupUtil - Backup file "local_only_issue_backup2024-02-27-13-35-02.tar.gz" created.
2024-02-27 13:35:02,185 [Worker-24: https://download.eclipse.org/eclipse/updates/4.28/R-4.28-202306050440/content.xml.xz] INFO  o.a.h.c.h.i.c.HttpRequestRetryExec - Recoverable I/O exception (java.net.SocketException) caught when processing request to {s}->https://download.eclipse.org:443
2024-02-27 13:37:36,777 [Worker-6: Loading available Gradle versions] INFO  o.e.b.c.i.u.g.PublishedGradleVersions - Gradle version information cache is up-to-date. Trying to read.
2024-02-27 13:37:37,563 [ForkJoinPool.commonPool-worker-1] INFO  o.s.s.s.o.s.c.s.PostProcessorRegistrationDelegate$BeanPostProcessorChecker - Bean 'sonarLintSpringAppConfig' of type [org.sonarsource.sonarlint.core.spring.SonarLintSpringAppConfig$$EnhancerBySpringCGLIB$$1227954] is not eligible for getting processed by all BeanPostProcessors (for example: not eligible for auto-proxying)
2024-02-27 13:37:37,638 [ForkJoinPool.commonPool-worker-1] INFO  o.s.s.s.o.s.c.s.PostProcessorRegistrationDelegate$BeanPostProcessorChecker - Bean 'provideClientEventBus' of type [com.google.common.eventbus.AsyncEventBus] is not eligible for getting processed by all BeanPostProcessors (for example: not eligible for auto-proxying)
2024-02-27 13:37:38,524 [ForkJoinPool.commonPool-worker-1] INFO  jetbrains.exodus.io.FileDataWriter - Interruptible file channel will be used
java.lang.reflect.InaccessibleObjectException: Unable to make public void sun.nio.ch.FileChannelImpl.setUninterruptible() accessible: module java.base does not "exports sun.nio.ch" to unnamed module @1400e8d0
	at java.base/java.lang.reflect.AccessibleObject.checkCanSetAccessible(AccessibleObject.java:354)
	at java.base/java.lang.reflect.AccessibleObject.checkCanSetAccessible(AccessibleObject.java:297)
	at java.base/java.lang.reflect.Method.checkCanSetAccessible(Method.java:200)
	at java.base/java.lang.reflect.Method.setAccessible(Method.java:194)
	at jetbrains.exodus.io.FileDataWriter$Companion$setUninterruptibleMethod$1.invoke(FileDataWriter.kt:188)
	at jetbrains.exodus.io.FileDataWriter$Companion$setUninterruptibleMethod$1.invoke(FileDataWriter.kt:185)
	at jetbrains.exodus.util.UnsafeHolder.doPrivileged$lambda-0(UnsafeHolder.kt:30)
	at java.base/java.security.AccessController.doPrivileged(AccessController.java:569)
	at jetbrains.exodus.util.UnsafeHolder.doPrivileged(UnsafeHolder.kt:29)
	at jetbrains.exodus.io.FileDataWriter.<clinit>(FileDataWriter.kt:185)
	at jetbrains.exodus.io.FileDataReaderWriterProvider.newFileDataWriter(FileDataReaderWriterProvider.kt:48)
	at jetbrains.exodus.io.FileDataReaderWriterProvider.newReaderWriter(FileDataReaderWriterProvider.kt:30)
	at jetbrains.exodus.log.LogConfig.createReaderWriter(LogConfig.java:359)
	at jetbrains.exodus.log.LogConfig.getReader(LogConfig.java:125)
	at jetbrains.exodus.log.Log.<init>(Log.kt:52)
	at jetbrains.exodus.env.Environments.newLogInstance(Environments.kt:117)
	at jetbrains.exodus.env.Environments.newLogInstance(Environments.kt:81)
	at jetbrains.exodus.env.Environments.newLogInstance(Environments.kt:77)
	at jetbrains.exodus.env.Environments$newInstance$4.invoke(Environments.kt:46)
	at jetbrains.exodus.env.Environments$newInstance$4.invoke(Environments.kt:46)
	at jetbrains.exodus.env.Environments.prepare(Environments.kt:120)
	at jetbrains.exodus.env.Environments.newInstance(Environments.kt:46)
	at org.sonarsource.sonarlint.core.local.only.XodusLocalOnlyIssueStore.buildEntityStore(XodusLocalOnlyIssueStore.java:201)
	at org.sonarsource.sonarlint.core.local.only.XodusLocalOnlyIssueStore.<init>(XodusLocalOnlyIssueStore.java:94)
	at org.sonarsource.sonarlint.core.local.only.LocalOnlyIssueStorageService.get(LocalOnlyIssueStorageService.java:49)
	at org.sonarsource.sonarlint.core.local.only.LocalOnlyIssueStorageService.purgeOldIssues(LocalOnlyIssueStorageService.java:43)
	at java.base/jdk.internal.reflect.DirectMethodHandleAccessor.invoke(DirectMethodHandleAccessor.java:104)
	at java.base/java.lang.reflect.Method.invoke(Method.java:577)
	at org.sonarsource.sonarlint.shaded.org.springframework.beans.factory.annotation.InitDestroyAnnotationBeanPostProcessor$LifecycleElement.invoke(InitDestroyAnnotationBeanPostProcessor.java:389)
	at org.sonarsource.sonarlint.shaded.org.springframework.beans.factory.annotation.InitDestroyAnnotationBeanPostProcessor$LifecycleMetadata.invokeInitMethods(InitDestroyAnnotationBeanPostProcessor.java:333)
	at org.sonarsource.sonarlint.shaded.org.springframework.beans.factory.annotation.InitDestroyAnnotationBeanPostProcessor.postProcessBeforeInitialization(InitDestroyAnnotationBeanPostProcessor.java:157)
	at org.sonarsource.sonarlint.shaded.org.springframework.beans.factory.support.AbstractAutowireCapableBeanFactory.applyBeanPostProcessorsBeforeInitialization(AbstractAutowireCapableBeanFactory.java:440)
	at org.sonarsource.sonarlint.shaded.org.springframework.beans.factory.support.AbstractAutowireCapableBeanFactory.initializeBean(AbstractAutowireCapableBeanFactory.java:1796)
	at org.sonarsource.sonarlint.shaded.org.springframework.beans.factory.support.AbstractAutowireCapableBeanFactory.doCreateBean(AbstractAutowireCapableBeanFactory.java:620)
	at org.sonarsource.sonarlint.shaded.org.springframework.beans.factory.support.AbstractAutowireCapableBeanFactory.createBean(AbstractAutowireCapableBeanFactory.java:542)
	at org.sonarsource.sonarlint.shaded.org.springframework.beans.factory.support.AbstractBeanFactory.lambda$doGetBean$0(AbstractBeanFactory.java:335)
	at org.sonarsource.sonarlint.shaded.org.springframework.beans.factory.support.DefaultSingletonBeanRegistry.getSingleton(DefaultSingletonBeanRegistry.java:234)
	at org.sonarsource.sonarlint.shaded.org.springframework.beans.factory.support.AbstractBeanFactory.doGetBean(AbstractBeanFactory.java:333)
	at org.sonarsource.sonarlint.shaded.org.springframework.beans.factory.support.AbstractBeanFactory.getBean(AbstractBeanFactory.java:208)
	at org.sonarsource.sonarlint.shaded.org.springframework.beans.factory.config.DependencyDescriptor.resolveCandidate(DependencyDescriptor.java:276)
	at org.sonarsource.sonarlint.shaded.org.springframework.beans.factory.support.DefaultListableBeanFactory.doResolveDependency(DefaultListableBeanFactory.java:1391)
	at org.sonarsource.sonarlint.shaded.org.springframework.beans.factory.support.DefaultListableBeanFactory.resolveDependency(DefaultListableBeanFactory.java:1311)
	at org.sonarsource.sonarlint.shaded.org.springframework.beans.factory.support.ConstructorResolver.resolveAutowiredArgument(ConstructorResolver.java:887)
	at org.sonarsource.sonarlint.shaded.org.springframework.beans.factory.support.ConstructorResolver.createArgumentArray(ConstructorResolver.java:791)
	at org.sonarsource.sonarlint.shaded.org.springframework.beans.factory.support.ConstructorResolver.autowireConstructor(ConstructorResolver.java:229)
	at org.sonarsource.sonarlint.shaded.org.springframework.beans.factory.support.AbstractAutowireCapableBeanFactory.autowireConstructor(AbstractAutowireCapableBeanFactory.java:1372)
	at org.sonarsource.sonarlint.shaded.org.springframework.beans.factory.support.AbstractAutowireCapableBeanFactory.createBeanInstance(AbstractAutowireCapableBeanFactory.java:1222)
	at org.sonarsource.sonarlint.shaded.org.springframework.beans.factory.support.AbstractAutowireCapableBeanFactory.doCreateBean(AbstractAutowireCapableBeanFactory.java:582)
	at org.sonarsource.sonarlint.shaded.org.springframework.beans.factory.support.AbstractAutowireCapableBeanFactory.createBean(AbstractAutowireCapableBeanFactory.java:542)
	at org.sonarsource.sonarlint.shaded.org.springframework.beans.factory.support.AbstractBeanFactory.lambda$doGetBean$0(AbstractBeanFactory.java:335)
	at org.sonarsource.sonarlint.shaded.org.springframework.beans.factory.support.DefaultSingletonBeanRegistry.getSingleton(DefaultSingletonBeanRegistry.java:234)
	at org.sonarsource.sonarlint.shaded.org.springframework.beans.factory.support.AbstractBeanFactory.doGetBean(AbstractBeanFactory.java:333)
	at org.sonarsource.sonarlint.shaded.org.springframework.beans.factory.support.AbstractBeanFactory.getBean(AbstractBeanFactory.java:208)
	at org.sonarsource.sonarlint.shaded.org.springframework.beans.factory.support.DefaultListableBeanFactory.preInstantiateSingletons(DefaultListableBeanFactory.java:955)
	at org.sonarsource.sonarlint.shaded.org.springframework.context.support.AbstractApplicationContext.finishBeanFactoryInitialization(AbstractApplicationContext.java:920)
	at org.sonarsource.sonarlint.shaded.org.springframework.context.support.AbstractApplicationContext.refresh(AbstractApplicationContext.java:583)
	at org.sonarsource.sonarlint.core.SonarLintBackendImpl.lambda$initialize$2(SonarLintBackendImpl.java:63)
	at java.base/java.util.concurrent.CompletableFuture$AsyncRun.run(CompletableFuture.java:1804)
	at java.base/java.util.concurrent.CompletableFuture$AsyncRun.exec(CompletableFuture.java:1796)
	at java.base/java.util.concurrent.ForkJoinTask.doExec(ForkJoinTask.java:373)
	at java.base/java.util.concurrent.ForkJoinPool$WorkQueue.topLevelExec(ForkJoinPool.java:1182)
	at java.base/java.util.concurrent.ForkJoinPool.scan(ForkJoinPool.java:1655)
	at java.base/java.util.concurrent.ForkJoinPool.runWorker(ForkJoinPool.java:1622)
	at java.base/java.util.concurrent.ForkJoinWorkerThread.run(ForkJoinWorkerThread.java:165)
2024-02-27 13:37:38,526 [ForkJoinPool.commonPool-worker-1] WARN  jetbrains.exodus.io.FileDataWriter - Can't open directory channel. Log directory fsync won't be performed.
2024-02-27 13:37:38,690 [ForkJoinPool.commonPool-worker-1] INFO  j.exodus.env.EnvironmentImpl - Exodus environment created: C:\Users\sujal\.sonarlint\xodus-local-only-issue-store5349266805995289886
2024-02-27 13:37:38,696 [ForkJoinPool.commonPool-worker-1] INFO  j.exodus.gc.GarbageCollector - Queueing ComputeUtilizationFromScratchJob
2024-02-27 13:37:48,517 [Exodus shared background cleaner] INFO  j.exodus.gc.GarbageCollector - Started calculation of log utilization from scratch at C:\Users\sujal\.sonarlint\xodus-local-only-issue-store5349266805995289886
2024-02-27 13:37:48,524 [Exodus shared background cleaner] INFO  j.exodus.gc.GarbageCollector - Finished calculation of log utilization from scratch at C:\Users\sujal\.sonarlint\xodus-local-only-issue-store5349266805995289886
2024-02-27 13:38:39,621 [ForkJoinPool.commonPool-worker-2] INFO  j.exodus.util.CompressBackupUtil - Backup file "local_only_issue_backup2024-02-27-13-38-39.tar.gz" created.
